TN:
SF:src\app.js
FN:18,(anonymous_0)
FN:23,(anonymous_1)
FN:32,(anonymous_2)
FNF:3
FNH:1
FNDA:1,(anonymous_0)
FNDA:0,(anonymous_1)
FNDA:0,(anonymous_2)
DA:1,1
DA:2,1
DA:3,1
DA:4,1
DA:6,1
DA:9,1
DA:10,1
DA:11,1
DA:12,1
DA:15,1
DA:18,1
DA:19,1
DA:23,1
DA:24,0
DA:25,0
DA:32,1
DA:33,0
DA:36,1
LF:18
LH:15
BRDA:27,0,0,0
BRDA:27,0,1,0
BRF:2
BRH:0
end_of_record
TN:
SF:src\controllers\quizController.js
FN:4,(anonymous_0)
FN:23,(anonymous_1)
FN:37,(anonymous_2)
FN:58,(anonymous_3)
FN:89,(anonymous_4)
FN:110,(anonymous_5)
FNF:6
FNH:5
FNDA:17,(anonymous_0)
FNDA:2,(anonymous_1)
FNDA:0,(anonymous_2)
FNDA:26,(anonymous_3)
FNDA:2,(anonymous_4)
FNDA:5,(anonymous_5)
DA:1,1
DA:5,17
DA:6,17
DA:7,17
DA:9,17
DA:19,0
DA:24,2
DA:25,2
DA:27,2
DA:33,0
DA:38,0
DA:39,0
DA:40,0
DA:42,0
DA:48,0
DA:49,0
DA:54,0
DA:59,26
DA:60,26
DA:61,26
DA:63,26
DA:65,25
DA:79,1
DA:80,1
DA:85,0
DA:90,2
DA:91,2
DA:92,2
DA:94,1
DA:100,1
DA:101,1
DA:106,0
DA:111,5
DA:112,5
DA:113,5
DA:115,5
DA:117,4
DA:129,1
DA:130,1
DA:135,0
DA:140,1
LF:41
LH:29
BRDA:48,0,0,0
BRDA:48,0,1,0
BRDA:79,1,0,1
BRDA:79,1,1,0
BRDA:100,2,0,1
BRDA:100,2,1,0
BRDA:129,3,0,1
BRDA:129,3,1,0
BRF:8
BRH:3
end_of_record
TN:
SF:src\models\DataStore.js
FN:5,(anonymous_0)
FN:12,(anonymous_1)
FN:17,(anonymous_2)
FN:21,(anonymous_3)
FN:22,(anonymous_4)
FN:30,(anonymous_5)
FN:34,(anonymous_6)
FN:39,(anonymous_7)
FN:48,(anonymous_8)
FN:56,(anonymous_9)
FN:65,(anonymous_10)
FNF:11
FNH:11
FNDA:1,(anonymous_0)
FNDA:17,(anonymous_1)
FNDA:58,(anonymous_2)
FNDA:2,(anonymous_3)
FNDA:2,(anonymous_4)
FNDA:17,(anonymous_5)
FNDA:25,(anonymous_6)
FNDA:25,(anonymous_7)
FNDA:2,(anonymous_8)
FNDA:5,(anonymous_9)
FNDA:21,(anonymous_10)
DA:6,1
DA:7,1
DA:8,1
DA:13,17
DA:14,17
DA:18,58
DA:22,2
DA:31,17
DA:35,25
DA:40,25
DA:41,25
DA:42,0
DA:44,25
DA:45,25
DA:49,2
DA:50,2
DA:51,1
DA:53,1
DA:57,5
DA:58,5
DA:59,1
DA:61,4
DA:66,21
DA:67,21
DA:68,21
DA:73,1
DA:74,1
LF:27
LH:26
BRDA:41,0,0,0
BRDA:41,0,1,25
BRDA:50,1,0,1
BRDA:50,1,1,1
BRDA:58,2,0,1
BRDA:58,2,1,4
BRF:6
BRH:5
end_of_record
TN:
SF:src\models\Question.js
FN:2,(anonymous_0)
FN:15,(anonymous_1)
FN:46,(anonymous_2)
FN:47,(anonymous_3)
FN:54,(anonymous_4)
FN:57,(anonymous_5)
FN:68,(anonymous_6)
FN:69,(anonymous_7)
FNF:8
FNH:8
FNDA:25,(anonymous_0)
FNDA:25,(anonymous_1)
FNDA:60,(anonymous_2)
FNDA:34,(anonymous_3)
FNDA:10,(anonymous_4)
FNDA:4,(anonymous_5)
FNDA:9,(anonymous_6)
FNDA:9,(anonymous_7)
DA:3,25
DA:4,25
DA:5,25
DA:6,25
DA:7,25
DA:8,25
DA:9,25
DA:10,25
DA:12,25
DA:16,25
DA:17,0
DA:20,25
DA:21,0
DA:24,25
DA:25,8
DA:26,0
DA:28,8
DA:29,0
DA:33,17
DA:34,0
DA:37,17
DA:38,0
DA:41,17
DA:42,0
DA:46,60
DA:47,34
DA:48,17
DA:49,0
DA:55,10
DA:57,3
DA:58,4
DA:62,7
DA:63,3
DA:66,4
DA:67,4
DA:68,9
DA:69,9
DA:75,1
LF:38
LH:30
BRDA:2,0,0,0
BRDA:2,1,0,0
BRDA:2,2,0,17
BRDA:16,3,0,0
BRDA:16,3,1,25
BRDA:16,4,0,25
BRDA:16,4,1,25
BRDA:20,5,0,0
BRDA:20,5,1,25
BRDA:24,6,0,8
BRDA:24,6,1,17
BRDA:25,7,0,0
BRDA:25,7,1,8
BRDA:25,8,0,8
BRDA:25,8,1,8
BRDA:28,9,0,0
BRDA:28,9,1,8
BRDA:28,10,0,8
BRDA:28,10,1,8
BRDA:33,11,0,0
BRDA:33,11,1,17
BRDA:33,12,0,17
BRDA:33,12,1,17
BRDA:37,13,0,0
BRDA:37,13,1,17
BRDA:37,14,0,17
BRDA:37,14,1,17
BRDA:41,15,0,0
BRDA:41,15,1,17
BRDA:41,16,0,17
BRDA:41,16,1,8
BRDA:48,17,0,0
BRDA:48,17,1,17
BRDA:55,18,0,3
BRDA:55,18,1,7
BRDA:62,19,0,3
BRDA:62,19,1,4
BRDA:66,20,0,0
BRDA:66,20,1,4
BRDA:67,21,0,4
BRDA:67,21,1,3
BRDA:67,21,2,3
BRF:42
BRH:31
end_of_record
TN:
SF:src\models\Quiz.js
FN:2,(anonymous_0)
FN:9,(anonymous_1)
FN:13,(anonymous_2)
FN:14,(anonymous_3)
FN:17,(anonymous_4)
FN:21,(anonymous_5)
FN:23,(anonymous_6)
FNF:7
FNH:6
FNDA:17,(anonymous_0)
FNDA:25,(anonymous_1)
FNDA:10,(anonymous_2)
FNDA:19,(anonymous_3)
FNDA:0,(anonymous_4)
FNDA:1,(anonymous_5)
FNDA:3,(anonymous_6)
DA:3,17
DA:4,17
DA:5,17
DA:6,17
DA:10,25
DA:14,19
DA:18,0
DA:23,3
DA:33,1
LF:9
LH:8
BRF:0
BRH:0
end_of_record
TN:
SF:src\routes\quizRoutes.js
FNF:0
FNH:0
DA:1,1
DA:2,1
DA:3,1
DA:4,1
DA:6,1
DA:9,1
DA:10,1
DA:11,1
DA:12,1
DA:15,1
DA:16,1
DA:18,1
LF:12
LH:12
BRF:0
BRH:0
end_of_record
TN:
SF:src\services\quizService.js
FN:6,(anonymous_0)
FN:16,(anonymous_1)
FN:24,(anonymous_2)
FN:41,(anonymous_3)
FN:67,(anonymous_4)
FN:77,(anonymous_5)
FNF:6
FNH:5
FNDA:17,(anonymous_0)
FNDA:2,(anonymous_1)
FNDA:0,(anonymous_2)
FNDA:26,(anonymous_3)
FNDA:2,(anonymous_4)
FNDA:5,(anonymous_5)
DA:1,1
DA:2,1
DA:3,1
DA:7,17
DA:8,17
DA:9,17
DA:10,17
DA:12,0
DA:17,2
DA:18,2
DA:20,0
DA:25,0
DA:26,0
DA:27,0
DA:28,0
DA:30,0
DA:37,0
DA:42,26
DA:43,26
DA:44,26
DA:46,26
DA:47,1
DA:50,25
DA:51,25
DA:61,25
DA:63,1
DA:68,2
DA:69,2
DA:70,2
DA:71,1
DA:73,1
DA:78,5
DA:79,5
DA:80,5
DA:82,4
DA:83,0
DA:86,4
DA:87,4
DA:88,4
DA:91,4
DA:92,10
DA:94,10
DA:95,0
DA:100,0
DA:103,10
DA:104,10
DA:105,7
DA:108,10
DA:116,4
DA:123,1
DA:128,1
LF:51
LH:40
BRDA:27,0,0,0
BRDA:27,0,1,0
BRDA:46,1,0,1
BRDA:46,1,1,25
BRDA:56,2,0,25
BRDA:56,2,1,8
BRDA:82,3,0,0
BRDA:82,3,1,4
BRDA:94,4,0,0
BRDA:94,4,1,10
BRDA:104,5,0,7
BRDA:104,5,1,3
BRF:12
BRH:8
end_of_record
TN:
SF:src\validators\quizValidation.js
FNF:0
FNH:0
DA:1,1
DA:3,1
DA:69,1
LF:3
LH:3
BRF:0
BRH:0
end_of_record
TN:
SF:src\validators\validate.js
FN:2,(anonymous_0)
FN:3,(anonymous_1)
FN:16,(anonymous_2)
FN:18,(anonymous_3)
FN:19,(anonymous_4)
FN:23,(anonymous_5)
FN:24,(anonymous_6)
FN:27,(anonymous_7)
FN:28,(anonymous_8)
FN:39,(anonymous_9)
FNF:10
FNH:10
FNDA:3,(anonymous_0)
FNDA:54,(anonymous_1)
FNDA:88,(anonymous_2)
FNDA:82,(anonymous_3)
FNDA:6,(anonymous_4)
FNDA:54,(anonymous_5)
FNDA:88,(anonymous_6)
FNDA:6,(anonymous_7)
FNDA:6,(anonymous_8)
FNDA:79,(anonymous_9)
DA:2,1
DA:3,3
DA:4,54
DA:11,54
DA:12,54
DA:13,54
DA:14,54
DA:16,54
DA:17,88
DA:18,82
DA:19,6
DA:22,54
DA:24,88
DA:26,54
DA:27,6
DA:28,6
DA:29,6
DA:32,6
DA:39,48
DA:40,79
DA:41,79
DA:45,48
DA:51,1
LF:23
LH:23
BRDA:12,0,0,34
BRDA:12,0,1,20
BRDA:13,1,0,0
BRDA:13,1,1,54
BRDA:14,2,0,54
BRDA:14,2,1,0
BRDA:26,3,0,6
BRDA:26,3,1,48
BRDA:40,4,0,79
BRDA:40,4,1,0
BRF:10
BRH:7
end_of_record
